
**** Build of configuration Debug for project kernalzero ****

"C:\\ti\\ccsv6\\utils\\bin\\gmake" -k all 
'Building file: ../empty.cfg'
'Invoking: XDCtools'
"C:/ti/xdctools_3_32_00_06_core/xs" --xdcpath="C:/ti/tirex-content/tirtos_msp43x_2_20_00_06/packages;C:/ti/tirex-content/tirtos_msp43x_2_20_00_06/products/bios_6_46_00_23/packages;C:/ti/tirex-content/tirtos_msp43x_2_20_00_06/products/tidrivers_msp43x_2_20_00_08/packages;C:/ti/tirex-content/tirtos_msp43x_2_20_00_06/products/uia_2_00_06_52/packages;C:/ti/msp/MSP432Ware_3_50_00_02/driverlib/packages;C:/ti/msp/MSP432Ware_3_50_00_02/driverlib/packages;C:/ti/msp/MSP432Ware_3_50_00_02/driverlib;C:/ti/ccsv6/ccs_base;" xdc.tools.configuro -o configPkg -t ti.targets.arm.elf.M4F -p ti.platforms.msp432:MSP432P401R -r release -c "C:/ti/ccsv6/tools/compiler/arm_15.12.3.LTS" --compileOptions "-mv7M4 --code_state=16 --float_support=FPv4SPD16 -me --include_path=\"C:/ti/ccsv6/ccs_base/arm/include\" --include_path=\"C:/ti/ccsv6/ccs_base/arm/include/CMSIS\" --include_path=\"C:/Users/Abhijith/Documents/workshop/kernalzero\" --include_path=\"C:/ti/tirex-content/tirtos_msp43x_2_20_00_06/products/msp432_driverlib_3_21_00_05/inc/CMSIS\" --include_path=\"C:/ti/tirex-content/tirtos_msp43x_2_20_00_06/products/msp432_driverlib_3_21_00_05/inc\" --include_path=\"C:/ti/tirex-content/tirtos_msp43x_2_20_00_06/products/msp432_driverlib_3_21_00_05/driverlib/MSP432P4xx\" --include_path=\"C:/ti/ccsv6/tools/compiler/arm_15.12.3.LTS/include\" --advice:power=all --advice:power_severity=suppress -g --gcc --define=__MSP432P401R__ --define=TARGET_IS_MSP432P4XX --define=ccs --define=MSP432WARE --diag_wrap=off --diag_warning=225 --diag_warning=255 --display_error_number --gen_func_subsections=on --abi=eabi  " "../empty.cfg"
configuring empty.xem4f from package/cfg/empty_pem4f.cfg ...
generating custom ti.sysbios library makefile ... 
Starting build of library sources ...
making C:/Users/Abhijith/Documents/workshop/kernalzero/src/sysbios/sysbios.aem4f ...
gmake[1]: Entering directory `C:/Users/Abhijith/Documents/workshop/kernalzero/src/sysbios'
gmake[1]: Nothing to be done for `all'.
gmake[1]: Leaving directory `C:/Users/Abhijith/Documents/workshop/kernalzero/src/sysbios'
Build of libraries done.
clem4f package/cfg/empty_pem4f.c ...
'Finished building: ../empty.cfg'
' '
        1 file(s) copied.
'Building file: ../empty.cfg'
'Invoking: XDCtools'
"C:/ti/xdctools_3_32_00_06_core/xs" --xdcpath="C:/ti/tirex-content/tirtos_msp43x_2_20_00_06/packages;C:/ti/tirex-content/tirtos_msp43x_2_20_00_06/products/bios_6_46_00_23/packages;C:/ti/tirex-content/tirtos_msp43x_2_20_00_06/products/tidrivers_msp43x_2_20_00_08/packages;C:/ti/tirex-content/tirtos_msp43x_2_20_00_06/products/uia_2_00_06_52/packages;C:/ti/msp/MSP432Ware_3_50_00_02/driverlib/packages;C:/ti/msp/MSP432Ware_3_50_00_02/driverlib/packages;C:/ti/msp/MSP432Ware_3_50_00_02/driverlib;C:/ti/ccsv6/ccs_base;" xdc.tools.configuro -o configPkg -t ti.targets.arm.elf.M4F -p ti.platforms.msp432:MSP432P401R -r release -c "C:/ti/ccsv6/tools/compiler/arm_15.12.3.LTS" --compileOptions "-mv7M4 --code_state=16 --float_support=FPv4SPD16 -me --include_path=\"C:/ti/ccsv6/ccs_base/arm/include\" --include_path=\"C:/ti/ccsv6/ccs_base/arm/include/CMSIS\" --include_path=\"C:/Users/Abhijith/Documents/workshop/kernalzero\" --include_path=\"C:/ti/tirex-content/tirtos_msp43x_2_20_00_06/products/msp432_driverlib_3_21_00_05/inc/CMSIS\" --include_path=\"C:/ti/tirex-content/tirtos_msp43x_2_20_00_06/products/msp432_driverlib_3_21_00_05/inc\" --include_path=\"C:/ti/tirex-content/tirtos_msp43x_2_20_00_06/products/msp432_driverlib_3_21_00_05/driverlib/MSP432P4xx\" --include_path=\"C:/ti/ccsv6/tools/compiler/arm_15.12.3.LTS/include\" --advice:power=all --advice:power_severity=suppress -g --gcc --define=__MSP432P401R__ --define=TARGET_IS_MSP432P4XX --define=ccs --define=MSP432WARE --diag_wrap=off --diag_warning=225 --diag_warning=255 --display_error_number --gen_func_subsections=on --abi=eabi  " "../empty.cfg"
'Finished building: ../empty.cfg'
' '
making ../src/sysbios/sysbios.aem4f ...
gmake[1]: Entering directory 'C:/Users/Abhijith/Documents/workshop/kernalzero/src/sysbios'
gmake[1]: Nothing to be done for 'all'.
gmake[1]: Leaving directory 'C:/Users/Abhijith/Documents/workshop/kernalzero/src/sysbios'
'Building target: kernalzero.out'
'Invoking: MSP432 Linker'
"C:/ti/ccsv6/tools/compiler/arm_15.12.3.LTS/bin/armcl" -mv7M4 --code_state=16 --float_support=FPv4SPD16 -me --advice:power=all --advice:power_severity=suppress -g --gcc --define=__MSP432P401R__ --define=TARGET_IS_MSP432P4XX --define=ccs --define=MSP432WARE --diag_wrap=off --diag_warning=225 --diag_warning=255 --display_error_number --gen_func_subsections=on --abi=eabi -z -m"kernalzero.map" --stack_size=512 --heap_size=1024 -i"C:/ti/ccsv6/ccs_base/arm/include" -i"C:/ti/ccsv6/tools/compiler/arm_15.12.3.LTS/lib" -i"C:/ti/ccsv6/tools/compiler/arm_15.12.3.LTS/include" --reread_libs --diag_wrap=off --warn_sections --display_error_number --xml_link_info="kernalzero_linkInfo.xml" --rom_model -o "kernalzero.out" "./MSP_EXP432P401R.obj" "./empty.obj" "../MSP_EXP432P401R.cmd" -l"configPkg/linker.cmd" -l"C:/ti/tirex-content/tirtos_msp43x_2_20_00_06/products/msp432_driverlib_3_21_00_05/driverlib/MSP432P4xx/ccs/msp432p4xx_driverlib.lib" -llibc.a 
<Linking>
'Finished building target: kernalzero.out'
' '

**** Build Finished ****

**** Build of configuration Debug for project kernalzero ****

"C:\\ti\\ccsv6\\utils\\bin\\gmake" -k all 
'Building file: ../empty.cfg'
'Invoking: XDCtools'
"C:/ti/xdctools_3_32_00_06_core/xs" --xdcpath="C:/ti/tirex-content/tirtos_msp43x_2_20_00_06/packages;C:/ti/tirex-content/tirtos_msp43x_2_20_00_06/products/bios_6_46_00_23/packages;C:/ti/tirex-content/tirtos_msp43x_2_20_00_06/products/tidrivers_msp43x_2_20_00_08/packages;C:/ti/tirex-content/tirtos_msp43x_2_20_00_06/products/uia_2_00_06_52/packages;C:/ti/msp/MSP432Ware_3_50_00_02/driverlib/packages;C:/ti/msp/MSP432Ware_3_50_00_02/driverlib/packages;C:/ti/msp/MSP432Ware_3_50_00_02/driverlib;C:/ti/ccsv6/ccs_base;" xdc.tools.configuro -o configPkg -t ti.targets.arm.elf.M4F -p ti.platforms.msp432:MSP432P401R -r release -c "C:/ti/ccsv6/tools/compiler/arm_15.12.3.LTS" --compileOptions "-mv7M4 --code_state=16 --float_support=FPv4SPD16 -me --include_path=\"C:/ti/ccsv6/ccs_base/arm/include\" --include_path=\"C:/ti/ccsv6/ccs_base/arm/include/CMSIS\" --include_path=\"C:/Users/Abhijith/Documents/workshop/kernalzero\" --include_path=\"C:/ti/tirex-content/tirtos_msp43x_2_20_00_06/products/msp432_driverlib_3_21_00_05/inc/CMSIS\" --include_path=\"C:/ti/tirex-content/tirtos_msp43x_2_20_00_06/products/msp432_driverlib_3_21_00_05/inc\" --include_path=\"C:/ti/tirex-content/tirtos_msp43x_2_20_00_06/products/msp432_driverlib_3_21_00_05/driverlib/MSP432P4xx\" --include_path=\"C:/ti/ccsv6/tools/compiler/arm_15.12.3.LTS/include\" --advice:power=all --advice:power_severity=suppress -g --gcc --define=__MSP432P401R__ --define=TARGET_IS_MSP432P4XX --define=ccs --define=MSP432WARE --diag_wrap=off --diag_warning=225 --diag_warning=255 --display_error_number --gen_func_subsections=on --abi=eabi  " "../empty.cfg"
'Finished building: ../empty.cfg'
' '
making ../src/sysbios/sysbios.aem4f ...
gmake[1]: Entering directory 'C:/Users/Abhijith/Documents/workshop/kernalzero/src/sysbios'
gmake[1]: Nothing to be done for 'all'.
gmake[1]: Leaving directory 'C:/Users/Abhijith/Documents/workshop/kernalzero/src/sysbios'

**** Build Finished ****

**** Build of configuration Debug for project kernalzero ****

"C:\\ti\\ccsv6\\utils\\bin\\gmake" -k all 
'Building file: ../empty.cfg'
'Invoking: XDCtools'
"C:/ti/xdctools_3_32_00_06_core/xs" --xdcpath="C:/ti/tirex-content/tirtos_msp43x_2_20_00_06/packages;C:/ti/tirex-content/tirtos_msp43x_2_20_00_06/products/bios_6_46_00_23/packages;C:/ti/tirex-content/tirtos_msp43x_2_20_00_06/products/tidrivers_msp43x_2_20_00_08/packages;C:/ti/tirex-content/tirtos_msp43x_2_20_00_06/products/uia_2_00_06_52/packages;C:/ti/msp/MSP432Ware_3_50_00_02/driverlib/packages;C:/ti/msp/MSP432Ware_3_50_00_02/driverlib/packages;C:/ti/msp/MSP432Ware_3_50_00_02/driverlib;C:/ti/ccsv6/ccs_base;" xdc.tools.configuro -o configPkg -t ti.targets.arm.elf.M4F -p ti.platforms.msp432:MSP432P401R -r release -c "C:/ti/ccsv6/tools/compiler/arm_15.12.3.LTS" --compileOptions "-mv7M4 --code_state=16 --float_support=FPv4SPD16 -me --include_path=\"C:/ti/ccsv6/ccs_base/arm/include\" --include_path=\"C:/ti/ccsv6/ccs_base/arm/include/CMSIS\" --include_path=\"C:/Users/Abhijith/Documents/workshop/kernalzero\" --include_path=\"C:/ti/tirex-content/tirtos_msp43x_2_20_00_06/products/msp432_driverlib_3_21_00_05/inc/CMSIS\" --include_path=\"C:/ti/tirex-content/tirtos_msp43x_2_20_00_06/products/msp432_driverlib_3_21_00_05/inc\" --include_path=\"C:/ti/tirex-content/tirtos_msp43x_2_20_00_06/products/msp432_driverlib_3_21_00_05/driverlib/MSP432P4xx\" --include_path=\"C:/ti/ccsv6/tools/compiler/arm_15.12.3.LTS/include\" --advice:power=all --advice:power_severity=suppress -g --gcc --define=__MSP432P401R__ --define=TARGET_IS_MSP432P4XX --define=ccs --define=MSP432WARE --diag_wrap=off --diag_warning=225 --diag_warning=255 --display_error_number --gen_func_subsections=on --abi=eabi  " "../empty.cfg"
'Finished building: ../empty.cfg'
' '
making ../src/sysbios/sysbios.aem4f ...
gmake[1]: Entering directory 'C:/Users/Abhijith/Documents/workshop/kernalzero/src/sysbios'
gmake[1]: Nothing to be done for 'all'.
gmake[1]: Leaving directory 'C:/Users/Abhijith/Documents/workshop/kernalzero/src/sysbios'

**** Build Finished ****
