
**** Build of configuration Debug for project gpiointerrupt_MSP_EXP432P401R_TI_MSP432P401R ****

"C:\\ti\\ccsv6\\utils\\bin\\gmake" -k all 
        1 file(s) copied.
making ../src/sysbios/sysbios.aem4f ...
gmake[1]: Entering directory 'C:/Users/Abhijith/Documents/workshop/gpiointerrupt_MSP_EXP432P401R_TI_MSP432P401R/src/sysbios'
gmake[1]: Nothing to be done for 'all'.
gmake[1]: Leaving directory 'C:/Users/Abhijith/Documents/workshop/gpiointerrupt_MSP_EXP432P401R_TI_MSP432P401R/src/sysbios'
'Building file: ../MSP_EXP432P401R.c'
'Invoking: MSP432 Compiler'
"C:/ti/ccsv6/tools/compiler/arm_15.12.3.LTS/bin/armcl" -mv7M4 --code_state=16 --float_support=FPv4SPD16 -me --include_path="C:/ti/ccsv6/ccs_base/arm/include" --include_path="C:/ti/ccsv6/ccs_base/arm/include/CMSIS" --include_path="C:/Users/Abhijith/Documents/workshop/gpiointerrupt_MSP_EXP432P401R_TI_MSP432P401R" --include_path="C:/ti/tirex-content/tirtos_msp43x_2_20_00_06/products/msp432_driverlib_3_21_00_05/inc/CMSIS" --include_path="C:/ti/tirex-content/tirtos_msp43x_2_20_00_06/products/msp432_driverlib_3_21_00_05/inc" --include_path="C:/ti/tirex-content/tirtos_msp43x_2_20_00_06/products/msp432_driverlib_3_21_00_05/driverlib/MSP432P4xx" --include_path="C:/ti/ccsv6/tools/compiler/arm_15.12.3.LTS/include" --advice:power=all --advice:power_severity=suppress -g --gcc --define=__MSP432P401R__ --define=TARGET_IS_MSP432P4XX --define=ccs --define=MSP432WARE --diag_wrap=off --diag_warning=225 --diag_warning=255 --display_error_number --gen_func_subsections=on --abi=eabi --preproc_with_compile --preproc_dependency="MSP_EXP432P401R.d" --cmd_file="configPkg/compiler.opt" "../MSP_EXP432P401R.c"
'Finished building: ../MSP_EXP432P401R.c'
' '
'Building file: ../gpiointerrupt.c'
'Invoking: MSP432 Compiler'
"C:/ti/ccsv6/tools/compiler/arm_15.12.3.LTS/bin/armcl" -mv7M4 --code_state=16 --float_support=FPv4SPD16 -me --include_path="C:/ti/ccsv6/ccs_base/arm/include" --include_path="C:/ti/ccsv6/ccs_base/arm/include/CMSIS" --include_path="C:/Users/Abhijith/Documents/workshop/gpiointerrupt_MSP_EXP432P401R_TI_MSP432P401R" --include_path="C:/ti/tirex-content/tirtos_msp43x_2_20_00_06/products/msp432_driverlib_3_21_00_05/inc/CMSIS" --include_path="C:/ti/tirex-content/tirtos_msp43x_2_20_00_06/products/msp432_driverlib_3_21_00_05/inc" --include_path="C:/ti/tirex-content/tirtos_msp43x_2_20_00_06/products/msp432_driverlib_3_21_00_05/driverlib/MSP432P4xx" --include_path="C:/ti/ccsv6/tools/compiler/arm_15.12.3.LTS/include" --advice:power=all --advice:power_severity=suppress -g --gcc --define=__MSP432P401R__ --define=TARGET_IS_MSP432P4XX --define=ccs --define=MSP432WARE --diag_wrap=off --diag_warning=225 --diag_warning=255 --display_error_number --gen_func_subsections=on --abi=eabi --preproc_with_compile --preproc_dependency="gpiointerrupt.d" --cmd_file="configPkg/compiler.opt" "../gpiointerrupt.c"
'Finished building: ../gpiointerrupt.c'
' '
'Building target: gpiointerrupt_MSP_EXP432P401R_TI_MSP432P401R.out'
'Invoking: MSP432 Linker'
"C:/ti/ccsv6/tools/compiler/arm_15.12.3.LTS/bin/armcl" -mv7M4 --code_state=16 --float_support=FPv4SPD16 -me --advice:power=all --advice:power_severity=suppress -g --gcc --define=__MSP432P401R__ --define=TARGET_IS_MSP432P4XX --define=ccs --define=MSP432WARE --diag_wrap=off --diag_warning=225 --diag_warning=255 --display_error_number --gen_func_subsections=on --abi=eabi -z -m"gpiointerrupt_MSP_EXP432P401R_TI_MSP432P401R.map" --stack_size=512 --heap_size=1024 -i"C:/ti/ccsv6/ccs_base/arm/include" -i"C:/ti/ccsv6/tools/compiler/arm_15.12.3.LTS/lib" -i"C:/ti/ccsv6/tools/compiler/arm_15.12.3.LTS/include" --reread_libs --diag_wrap=off --warn_sections --display_error_number --xml_link_info="gpiointerrupt_MSP_EXP432P401R_TI_MSP432P401R_linkInfo.xml" --rom_model -o "gpiointerrupt_MSP_EXP432P401R_TI_MSP432P401R.out" "./MSP_EXP432P401R.obj" "./gpiointerrupt.obj" "../MSP_EXP432P401R.cmd" -l"configPkg/linker.cmd" -l"C:/ti/tirex-content/tirtos_msp43x_2_20_00_06/products/msp432_driverlib_3_21_00_05/driverlib/MSP432P4xx/ccs/msp432p4xx_driverlib.lib" -llibc.a 
<Linking>
'Finished building target: gpiointerrupt_MSP_EXP432P401R_TI_MSP432P401R.out'
' '

**** Build Finished ****
